Traceback (most recent call last):
  File "/opt/hostedtoolcache/Python/3.7.9/x64/lib/python3.7/site-packages/jupyter_cache/executors/utils.py", line 56, in single_nb_execution
    record_timing=False,
  File "/opt/hostedtoolcache/Python/3.7.9/x64/lib/python3.7/site-packages/nbclient/client.py", line 1087, in execute
    return NotebookClient(nb=nb, resources=resources, km=km, **kwargs).execute()
  File "/opt/hostedtoolcache/Python/3.7.9/x64/lib/python3.7/site-packages/nbclient/util.py", line 74, in wrapped
    return just_run(coro(*args, **kwargs))
  File "/opt/hostedtoolcache/Python/3.7.9/x64/lib/python3.7/site-packages/nbclient/util.py", line 53, in just_run
    return loop.run_until_complete(coro)
  File "/opt/hostedtoolcache/Python/3.7.9/x64/lib/python3.7/asyncio/base_events.py", line 587, in run_until_complete
    return future.result()
  File "/opt/hostedtoolcache/Python/3.7.9/x64/lib/python3.7/site-packages/nbclient/client.py", line 541, in async_execute
    cell, index, execution_count=self.code_cells_executed + 1
  File "/opt/hostedtoolcache/Python/3.7.9/x64/lib/python3.7/site-packages/nbclient/client.py", line 832, in async_execute_cell
    self._check_raise_for_error(cell, exec_reply)
  File "/opt/hostedtoolcache/Python/3.7.9/x64/lib/python3.7/site-packages/nbclient/client.py", line 740, in _check_raise_for_error
    raise CellExecutionError.from_cell_and_msg(cell, exec_reply['content'])
nbclient.exceptions.CellExecutionError: An error occurred while executing the following cell:
------------------
print("weight = ", pyro.param("mean_weight_param").item())
print("bias = ", pyro.param("mean_bias_param").item())
#print("sigma = ", pyro.param("sigma").item())

weight = pyro.param("mean_weight_param").item()
bias = pyro.param("mean_bias_param").item()
#sigma = pyro.param("sigma_param").item()

y_pred = weight * mass + bias 
resid = brain-y_pred
1-resid.var()/d['brain'].var()
------------------

[0;31m---------------------------------------------------------------------------[0m
[0;31mKeyError[0m                                  Traceback (most recent call last)
[0;32m<ipython-input-16-c82e8977fef2>[0m in [0;36m<module>[0;34m[0m
[0;32m----> 1[0;31m [0mprint[0m[0;34m([0m[0;34m"weight = "[0m[0;34m,[0m [0mpyro[0m[0;34m.[0m[0mparam[0m[0;34m([0m[0;34m"mean_weight_param"[0m[0;34m)[0m[0;34m.[0m[0mitem[0m[0;34m([0m[0;34m)[0m[0;34m)[0m[0;34m[0m[0;34m[0m[0m
[0m[1;32m      2[0m [0mprint[0m[0;34m([0m[0;34m"bias = "[0m[0;34m,[0m [0mpyro[0m[0;34m.[0m[0mparam[0m[0;34m([0m[0;34m"mean_bias_param"[0m[0;34m)[0m[0;34m.[0m[0mitem[0m[0;34m([0m[0;34m)[0m[0;34m)[0m[0;34m[0m[0;34m[0m[0m
[1;32m      3[0m [0;31m#print("sigma = ", pyro.param("sigma").item())[0m[0;34m[0m[0;34m[0m[0;34m[0m[0m
[1;32m      4[0m [0;34m[0m[0m
[1;32m      5[0m [0mweight[0m [0;34m=[0m [0mpyro[0m[0;34m.[0m[0mparam[0m[0;34m([0m[0;34m"mean_weight_param"[0m[0;34m)[0m[0;34m.[0m[0mitem[0m[0;34m([0m[0;34m)[0m[0;34m[0m[0;34m[0m[0m

[0;32m/opt/hostedtoolcache/Python/3.7.9/x64/lib/python3.7/site-packages/pyro/primitives.py[0m in [0;36mparam[0;34m(name, *args, **kwargs)[0m
[1;32m     59[0m     """
[1;32m     60[0m     [0mkwargs[0m[0;34m[[0m[0;34m"name"[0m[0;34m][0m [0;34m=[0m [0mname[0m[0;34m[0m[0;34m[0m[0m
[0;32m---> 61[0;31m     [0;32mreturn[0m [0m_param[0m[0;34m([0m[0mname[0m[0;34m,[0m [0;34m*[0m[0margs[0m[0;34m,[0m [0;34m**[0m[0mkwargs[0m[0;34m)[0m[0;34m[0m[0;34m[0m[0m
[0m[1;32m     62[0m [0;34m[0m[0m
[1;32m     63[0m [0;34m[0m[0m

[0;32m/opt/hostedtoolcache/Python/3.7.9/x64/lib/python3.7/site-packages/pyro/poutine/runtime.py[0m in [0;36m_fn[0;34m(*args, **kwargs)[0m
[1;32m    242[0m [0;34m[0m[0m
[1;32m    243[0m         [0;32mif[0m [0;32mnot[0m [0mam_i_wrapped[0m[0;34m([0m[0;34m)[0m[0;34m:[0m[0;34m[0m[0;34m[0m[0m
[0;32m--> 244[0;31m             [0;32mreturn[0m [0mfn[0m[0;34m([0m[0;34m*[0m[0margs[0m[0;34m,[0m [0;34m**[0m[0mkwargs[0m[0;34m)[0m[0;34m[0m[0;34m[0m[0m
[0m[1;32m    245[0m         [0;32melse[0m[0;34m:[0m[0;34m[0m[0;34m[0m[0m
[1;32m    246[0m             msg = {

[0;32m/opt/hostedtoolcache/Python/3.7.9/x64/lib/python3.7/site-packages/pyro/params/param_store.py[0m in [0;36mget_param[0;34m(self, name, init_tensor, constraint, event_dim)[0m
[1;32m    201[0m         """
[1;32m    202[0m         [0;32mif[0m [0minit_tensor[0m [0;32mis[0m [0;32mNone[0m[0;34m:[0m[0;34m[0m[0;34m[0m[0m
[0;32m--> 203[0;31m             [0;32mreturn[0m [0mself[0m[0;34m[[0m[0mname[0m[0;34m][0m[0;34m[0m[0;34m[0m[0m
[0m[1;32m    204[0m         [0;32melse[0m[0;34m:[0m[0;34m[0m[0;34m[0m[0m
[1;32m    205[0m             [0;32mreturn[0m [0mself[0m[0;34m.[0m[0msetdefault[0m[0;34m([0m[0mname[0m[0;34m,[0m [0minit_tensor[0m[0;34m,[0m [0mconstraint[0m[0;34m)[0m[0;34m[0m[0;34m[0m[0m

[0;32m/opt/hostedtoolcache/Python/3.7.9/x64/lib/python3.7/site-packages/pyro/params/param_store.py[0m in [0;36m__getitem__[0;34m(self, name)[0m
[1;32m     99[0m         [0mGet[0m [0mthe[0m [0mconstrained[0m [0mvalue[0m [0mof[0m [0ma[0m [0mnamed[0m [0mparameter[0m[0;34m.[0m[0;34m[0m[0;34m[0m[0m
[1;32m    100[0m         """
[0;32m--> 101[0;31m         [0munconstrained_value[0m [0;34m=[0m [0mself[0m[0;34m.[0m[0m_params[0m[0;34m[[0m[0mname[0m[0;34m][0m[0;34m[0m[0;34m[0m[0m
[0m[1;32m    102[0m [0;34m[0m[0m
[1;32m    103[0m         [0;31m# compute the constrained value[0m[0;34m[0m[0;34m[0m[0;34m[0m[0m

[0;31mKeyError[0m: 'mean_weight_param'
KeyError: 'mean_weight_param'

